mcmcse: Monte Carlo Standard Errors for MCMC
Version 1.3-2 created on 2017-07-03.
copyright (c) 2012, James M. Flegal, University of California, Riverside
                    John Hughes, University of Colorado, Denver
                    Dootika Vats, University of Warwick
                    Ning Dai, University of Minnesota
 For citation information, type citation("mcmcse").
 Type help("mcmcse-package") to get started.

null device 
          1 
[1] "mcmc"
Markov Chain Monte Carlo (MCMC) output:
Start = 1 
End = 7 
Thinning interval = 1 
           beta      gamma
[1,] 0.07212058 0.06838205
[2,] 0.06138594 0.05199489
[3,] 0.08782570 0.06798084
[4,] 0.06692390 0.05819670
[5,] 0.07858592 0.06892555
[6,] 0.10491016 0.07659055
[7,] 0.05838254 0.07172695

Iterations = 1:5900
Thinning interval = 1 
Number of chains = 1 
Sample size per chain = 5900 

1. Empirical mean and standard deviation for each variable,
   plus standard error of the mean:

         Mean      SD  Naive SE Time-series SE
beta  0.09378 0.02531 0.0003295      0.0009210
gamma 0.08286 0.02197 0.0002860      0.0008493

2. Quantiles for each variable:

         2.5%     25%     50%    75%  97.5%
beta  0.05325 0.07583 0.09058 0.1086 0.1499
gamma 0.04779 0.06722 0.08021 0.0956 0.1330

             est           se
beta  0.05325003 0.0006804868
gamma 0.04778393 0.0005615481
            est          se
beta  0.1499448 0.002245541
gamma 0.1331364 0.001927379
    beta    gamma 
755.0366 669.2056 
Potential scale reduction factors:

     Point est. Upper C.I.
[1,]          1          1
[2,]          1          1

Multivariate psrf

1
